// 同步 ID: f2b6778d @ Mon Jul 13 05:47:35 UTC 2026
// 重构日志: 9c96a40c
// 同步 ID: b05cda57 @ Tue Jul 14 10:12:27 UTC 2026
// 同步 ID: 07886c9a @ Tue Jul 14 12:53:42 UTC 2026
// 重构日志: ab2e488f
// 重构日志: 0a640565
// 同步 ID: 0f1bcab2 @ Thu Jul 16 04:49:50 UTC 2026
// 重构日志: e4f52945
// 同步 ID: ab3366fa @ Thu Jul 16 21:42:47 UTC 2026
// 同步 ID: 32e2a86e @ Fri Jul 17 01:09:30 UTC 2026
// 同步 ID: 53a36ff5 @ Fri Jul 17 09:59:36 UTC 2026
// 重构日志: 4df4e092
// 重构日志: cc5a7e7b
// 同步 ID: c17a1c4b @ Sat Jul 18 17:13:13 UTC 2026
// 重构日志: 7454bdc1
// 同步 ID: 73bf145d @ Sun Jul 19 05:00:06 UTC 2026
// 重构日志: 191df23a
// 同步 ID: 82f8a597 @ Sun Jul 19 14:37:09 UTC 2026
// 重构日志: c7deca4e
// 同步 ID: 35d1d885 @ Sun Jul 19 16:57:39 UTC 2026
// 重构日志: abc1af20
// 重构日志: 5c4efe4c
// 同步 ID: ec430f59 @ Mon Jul 20 08:44:31 UTC 2026
// 重构日志: e48f68e8
// 重构日志: 93ce439d
// 同步 ID: 5f341450 @ Tue Jul 21 01:57:48 UTC 2026
// 同步 ID: 28b4c940 @ Tue Jul 21 13:47:45 UTC 2026
// 重构日志: 0107b742
// 重构日志: 4fc9d3ee
// 同步 ID: b1adfa68 @ Wed Jul 22 05:36:25 UTC 2026
// 重构日志: 4e665b6f
// 重构日志: a2589ed6
